Makers (before):
 DJI            5
FUTABA         4
FLYSKY         3
FRSKY          3
SIYI           3
WFLY           3
YUNZHUO        3
JUMPER         2
RADIOMASTER    2
RADIOLINK      2
SKYDROID       2
AUTEL          1
DEVENTION      1
HERELINK       1
JR             1
PARROT         1
Name: maker, dtype: int64

Merging rare makers into 'OTHER': ['JUMPER', 'RADIOMASTER', 'RADIOLINK', 'SKYDROID', 'AUTEL', 'DEVENTION', 'HERELINK', 'JR', 'PARROT']

Makers (after):
 OTHER      13
DJI         5
FUTABA      4
FLYSKY      3
FRSKY       3
SIYI        3
WFLY        3
YUNZHUO     3
Name: maker, dtype: int64

Userò StratifiedKFold con n_splits=3

=== Fold 1 macro-F1: 0.509 ===
              precision    recall  f1-score   support

         DJI       0.00      0.00      0.00         2
      FLYSKY       1.00      1.00      1.00         1
       FRSKY       1.00      1.00      1.00         1
      FUTABA       1.00      1.00      1.00         1
       OTHER       1.00      0.40      0.57         5
        SIYI       0.00      0.00      0.00         1
        WFLY       0.00      0.00      0.00         1
     YUNZHUO       0.33      1.00      0.50         1

    accuracy                           0.46        13
   macro avg       0.54      0.55      0.51        13
weighted avg       0.64      0.46      0.49        13


=== Fold 2 macro-F1: 0.475 ===
              precision    recall  f1-score   support

         DJI       0.33      1.00      0.50         1
      FLYSKY       1.00      1.00      1.00         1
       FRSKY       1.00      1.00      1.00         1
      FUTABA       0.67      1.00      0.80         2
       OTHER       0.50      0.50      0.50         4
        SIYI       0.00      0.00      0.00         1
        WFLY       0.00      0.00      0.00         1
     YUNZHUO       0.00      0.00      0.00         1

    accuracy                           0.58        12
   macro avg       0.44      0.56      0.47        12
weighted avg       0.47      0.58      0.51        12


=== Fold 3 macro-F1: 0.583 ===
              precision    recall  f1-score   support

         DJI       1.00      0.50      0.67         2
      FLYSKY       1.00      1.00      1.00         1
       FRSKY       0.00      0.00      0.00         1
      FUTABA       0.50      1.00      0.67         1
       OTHER       0.60      0.75      0.67         4
        SIYI       1.00      1.00      1.00         1
        WFLY       0.00      0.00      0.00         1
     YUNZHUO       0.50      1.00      0.67         1

    accuracy                           0.67        12
   macro avg       0.57      0.66      0.58        12
weighted avg       0.62      0.67      0.61        12


>>> Macro-F1 medio su 3 fold: 0.522 ± 0.045
✅ Salvato modello RF in: /home/raffaello/models/rf_model.pkl
